Android/Android/androidstudiosharetaxidriver/app/build/intermediates/manifest_merge_blame_file/debug/manifest-merger-blame-debug-report.txt
1<?xml version="1.0" encoding="utf-8"?>
2<manifest xmlns:android="http://schemas.android.com/apk/res/android"
3    package="com.example.sharetaxi_driver"
4    android:versionCode="1"
5    android:versionName="1.0" >
6
7    <uses-sdk
7-->src\main\AndroidManifest.xml:7:5-9:41
8        android:minSdkVersion="19"
8-->src\main\AndroidManifest.xml:8:9-35
9        android:targetSdkVersion="30" />
9-->src\main\AndroidManifest.xml:9:9-38
10
11    <uses-permission android:name="android.permission.INTERNET" />
11-->src\main\AndroidManifest.xml:11:5-67
11-->src\main\AndroidManifest.xml:11:22-64
12    <uses-permission android:name="android.permission.ACCESS_COARSE_LOCATION" />
12-->src\main\AndroidManifest.xml:12:5-81
12-->src\main\AndroidManifest.xml:12:22-78
13    <uses-permission android:name="android.permission.ACCESS_FINE_LOCATION" />
13-->src\main\AndroidManifest.xml:13:5-79
13-->src\main\AndroidManifest.xml:13:22-76
14    <uses-permission android:name="android.permission.CAMERA" />
14-->src\main\AndroidManifest.xml:14:5-65
14-->src\main\AndroidManifest.xml:14:22-62
15    <uses-permission android:name="android.permission.READ_EXTERNAL_STORAGE" />
15-->src\main\AndroidManifest.xml:15:5-80
15-->src\main\AndroidManifest.xml:15:22-77
16    <uses-permission android:name="android.permission.WRITE_EXTERNAL_STORAGE" />
16-->src\main\AndroidManifest.xml:16:5-81
16-->src\main\AndroidManifest.xml:16:22-78
17
18    <application
18-->src\main\AndroidManifest.xml:18:5-81:19
19        android:allowBackup="true"
19-->src\main\AndroidManifest.xml:19:9-35
20        android:appComponentFactory="android.support.v4.app.CoreComponentFactory"
20-->[com.android.support:support-compat:28.0.0] AndroidManifest.xml:22:18-91
21        android:debuggable="true"
22        android:icon="@drawable/d2"
22-->src\main\AndroidManifest.xml:20:9-36
23        android:label="@string/app_name"
23-->src\main\AndroidManifest.xml:23:9-41
24        android:requestLegacyExternalStorage="true"
24-->src\main\AndroidManifest.xml:22:9-52
25        android:theme="@style/AppTheme"
25-->src\main\AndroidManifest.xml:24:9-40
26        android:usesCleartextTraffic="true" >
26-->src\main\AndroidManifest.xml:21:9-44
27        <activity android:name="com.example.sharetaxi_driver.Set_new_password" />
27-->src\main\AndroidManifest.xml:25:9-63
27-->src\main\AndroidManifest.xml:25:19-51
28        <activity android:name="com.example.sharetaxi_driver.Forgot_password" />
28-->src\main\AndroidManifest.xml:26:9-53
28-->src\main\AndroidManifest.xml:26:19-50
29
30        <service android:name="com.example.sharetaxi_driver.LocationService" />
30-->src\main\AndroidManifest.xml:28:9-52
30-->src\main\AndroidManifest.xml:28:18-49
31
32        <activity
32-->src\main\AndroidManifest.xml:30:9-38:20
33            android:name="com.example.sharetaxi_driver.IPSETTING"
33-->src\main\AndroidManifest.xml:31:13-38
34            android:label="@string/app_name" >
34-->src\main\AndroidManifest.xml:32:13-45
35            <intent-filter>
35-->src\main\AndroidManifest.xml:33:13-37:29
36                <action android:name="android.intent.action.MAIN" />
36-->src\main\AndroidManifest.xml:34:17-69
36-->src\main\AndroidManifest.xml:34:25-66
37
38                <category android:name="android.intent.category.LAUNCHER" />
38-->src\main\AndroidManifest.xml:36:17-77
38-->src\main\AndroidManifest.xml:36:27-74
39            </intent-filter>
40        </activity>
41        <activity
41-->src\main\AndroidManifest.xml:39:9-41:60
42            android:name="com.example.sharetaxi_driver.Login"
42-->src\main\AndroidManifest.xml:40:13-34
43            android:label="@string/title_activity_login" />
43-->src\main\AndroidManifest.xml:41:13-57
44        <activity
44-->src\main\AndroidManifest.xml:42:9-44:59
45            android:name="com.example.sharetaxi_driver.HOME"
45-->src\main\AndroidManifest.xml:43:13-33
46            android:label="@string/title_activity_home" />
46-->src\main\AndroidManifest.xml:44:13-56
47        <activity
47-->src\main\AndroidManifest.xml:45:9-47:72
48            android:name="com.example.sharetaxi_driver.View_notification"
48-->src\main\AndroidManifest.xml:46:13-46
49            android:label="@string/title_activity_view_notification" />
49-->src\main\AndroidManifest.xml:47:13-69
50        <activity
50-->src\main\AndroidManifest.xml:48:9-50:63
51            android:name="com.example.sharetaxi_driver.Register"
51-->src\main\AndroidManifest.xml:49:13-37
52            android:label="@string/title_activity_register" />
52-->src\main\AndroidManifest.xml:50:13-60
53        <activity
53-->src\main\AndroidManifest.xml:51:9-53:68
54            android:name="com.example.sharetaxi_driver.Notif_details"
54-->src\main\AndroidManifest.xml:52:13-42
55            android:label="@string/title_activity_notif_details" />
55-->src\main\AndroidManifest.xml:53:13-65
56        <activity
56-->src\main\AndroidManifest.xml:54:9-56:66
57            android:name="com.example.sharetaxi_driver.ROUTE_VIEW"
57-->src\main\AndroidManifest.xml:55:13-39
58            android:label="@string/title_activity_route__view" />
58-->src\main\AndroidManifest.xml:56:13-63
59        <activity
59-->src\main\AndroidManifest.xml:57:9-59:62
60            android:name="com.example.sharetaxi_driver.PAYMENT"
60-->src\main\AndroidManifest.xml:58:13-36
61            android:label="@string/title_activity_payment" />
61-->src\main\AndroidManifest.xml:59:13-59
62        <activity
62-->src\main\AndroidManifest.xml:60:9-62:62
63            android:name="com.example.sharetaxi_driver.Vehicle"
63-->src\main\AndroidManifest.xml:61:13-36
64            android:label="@string/title_activity_vehicle" />
64-->src\main\AndroidManifest.xml:62:13-59
65        <activity
65-->src\main\AndroidManifest.xml:63:9-65:66
66            android:name="com.example.sharetaxi_driver.VEHICLELIST"
66-->src\main\AndroidManifest.xml:64:13-40
67            android:label="@string/title_activity_vehiclelist" />
67-->src\main\AndroidManifest.xml:65:13-63
68        <activity
68-->src\main\AndroidManifest.xml:66:9-68:62
69            android:name="com.example.sharetaxi_driver.RATINGS"
69-->src\main\AndroidManifest.xml:67:13-36
70            android:label="@string/title_activity_ratings" />
70-->src\main\AndroidManifest.xml:68:13-59
71        <activity
71-->src\main\AndroidManifest.xml:69:9-71:61
72            android:name="com.example.sharetaxi_driver.PICKUP"
72-->src\main\AndroidManifest.xml:70:13-35
73            android:label="@string/title_activity_pickup" />
73-->src\main\AndroidManifest.xml:71:13-58
74        <activity
74-->src\main\AndroidManifest.xml:72:9-74:59
75            android:name="com.example.sharetaxi_driver.DROP"
75-->src\main\AndroidManifest.xml:73:13-33
76            android:label="@string/title_activity_drop" />
76-->src\main\AndroidManifest.xml:74:13-56
77        <activity
77-->src\main\AndroidManifest.xml:75:9-77:64
78            android:name="com.example.sharetaxi_driver.Sharedreq"
78-->src\main\AndroidManifest.xml:76:13-38
79            android:label="@string/title_activity_sharedreq" />
79-->src\main\AndroidManifest.xml:77:13-61
80        <activity
80-->src\main\AndroidManifest.xml:78:9-80:78
81            android:name="com.example.sharetaxi_driver.ACCEPT_REJECT_sharereq"
81-->src\main\AndroidManifest.xml:79:13-51
82            android:label="@string/title_activity_accept__reject_sharereq" />
82-->src\main\AndroidManifest.xml:80:13-75
83    </application>
84
85</manifest>